<?xml version="1.0" encoding="UTF-8"?>
<!-- Generated by org.testng.reporters.JUnitReportReporter -->
<testsuite hostname="TD247E-L053" failures="0" tests="3" name="CreateUser" time="1.618" errors="0" timestamp="27 Feb 2021 14:58:49 GMT" skipped="2">
  <testcase classname="CreateUser" name="GetAllPosts" time="1.618"/>
  <testcase classname="CreateUser" name="getPostsOfUser">
    <skipped/>
  </testcase> <!-- getPostsOfUser -->
  <testcase classname="CreateUser" name="CreatePost">
    <skipped/>
  </testcase> <!-- CreatePost -->
</testsuite> <!-- CreateUser -->
